<?xml version="1.0" encoding="UTF-8"?>
<testsuite xmlns:xsi="http://www.w3.org/2001/XMLSchema-instance" xsi:noNamespaceSchemaLocation="https://maven.apache.org/surefire/maven-surefire-plugin/xsd/surefire-test-report.xsd" version="3.0.2" name="com.inditex.core.platform.ecommerce.app.domain.controller.ProductControllerTest" time="2.023" tests="6" errors="0" skipped="0" failures="0">
  <properties>
    <property name="java.specification.version" value="22"/>
    <property name="sun.jnu.encoding" value="UTF-8"/>
    <property name="java.class.path" value="/Users/matiassarrailh/Desktop/INDITEX/inditex/target/test-classes:/Users/matiassarrailh/Desktop/INDITEX/inditex/target/classes:/Users/matiassarrailh/.m2/repository/org/springframework/boot/spring-boot-starter-web/3.4.3/spring-boot-starter-web-3.4.3.jar:/Users/matiassarrailh/.m2/repository/org/springframework/boot/spring-boot-starter-json/3.4.3/spring-boot-starter-json-3.4.3.jar:/Users/matiassarrailh/.m2/repository/com/fasterxml/jackson/datatype/jackson-datatype-jdk8/2.18.2/jackson-datatype-jdk8-2.18.2.jar:/Users/matiassarrailh/.m2/repository/com/fasterxml/jackson/datatype/jackson-datatype-jsr310/2.18.2/jackson-datatype-jsr310-2.18.2.jar:/Users/matiassarrailh/.m2/repository/com/fasterxml/jackson/module/jackson-module-parameter-names/2.18.2/jackson-module-parameter-names-2.18.2.jar:/Users/matiassarrailh/.m2/repository/org/springframework/boot/spring-boot-starter-tomcat/3.4.3/spring-boot-starter-tomcat-3.4.3.jar:/Users/matiassarrailh/.m2/repository/org/apache/tomcat/embed/tomcat-embed-core/10.1.36/tomcat-embed-core-10.1.36.jar:/Users/matiassarrailh/.m2/repository/org/apache/tomcat/embed/tomcat-embed-websocket/10.1.36/tomcat-embed-websocket-10.1.36.jar:/Users/matiassarrailh/.m2/repository/org/springframework/spring-web/6.2.3/spring-web-6.2.3.jar:/Users/matiassarrailh/.m2/repository/org/springframework/spring-beans/6.2.3/spring-beans-6.2.3.jar:/Users/matiassarrailh/.m2/repository/io/micrometer/micrometer-observation/1.14.4/micrometer-observation-1.14.4.jar:/Users/matiassarrailh/.m2/repository/io/micrometer/micrometer-commons/1.14.4/micrometer-commons-1.14.4.jar:/Users/matiassarrailh/.m2/repository/org/springframework/spring-webmvc/6.2.3/spring-webmvc-6.2.3.jar:/Users/matiassarrailh/.m2/repository/org/springframework/spring-aop/6.2.3/spring-aop-6.2.3.jar:/Users/matiassarrailh/.m2/repository/org/springframework/spring-context/6.2.3/spring-context-6.2.3.jar:/Users/matiassarrailh/.m2/repository/org/springframework/spring-expression/6.2.3/spring-expression-6.2.3.jar:/Users/matiassarrailh/.m2/repository/org/hibernate/validator/hibernate-validator/6.2.0.Final/hibernate-validator-6.2.0.Final.jar:/Users/matiassarrailh/.m2/repository/org/jboss/logging/jboss-logging/3.6.1.Final/jboss-logging-3.6.1.Final.jar:/Users/matiassarrailh/.m2/repository/com/fasterxml/classmate/1.7.0/classmate-1.7.0.jar:/Users/matiassarrailh/.m2/repository/jakarta/validation/jakarta.validation-api/3.0.0/jakarta.validation-api-3.0.0.jar:/Users/matiassarrailh/.m2/repository/org/springframework/boot/spring-boot-starter-validation/3.4.3/spring-boot-starter-validation-3.4.3.jar:/Users/matiassarrailh/.m2/repository/org/apache/tomcat/embed/tomcat-embed-el/10.1.36/tomcat-embed-el-10.1.36.jar:/Users/matiassarrailh/.m2/repository/org/springframework/boot/spring-boot-starter/3.4.3/spring-boot-starter-3.4.3.jar:/Users/matiassarrailh/.m2/repository/org/springframework/boot/spring-boot/3.4.3/spring-boot-3.4.3.jar:/Users/matiassarrailh/.m2/repository/org/springframework/boot/spring-boot-autoconfigure/3.4.3/spring-boot-autoconfigure-3.4.3.jar:/Users/matiassarrailh/.m2/repository/jakarta/annotation/jakarta.annotation-api/2.1.1/jakarta.annotation-api-2.1.1.jar:/Users/matiassarrailh/.m2/repository/org/springframework/spring-core/6.2.3/spring-core-6.2.3.jar:/Users/matiassarrailh/.m2/repository/org/springframework/spring-jcl/6.2.3/spring-jcl-6.2.3.jar:/Users/matiassarrailh/.m2/repository/org/yaml/snakeyaml/2.3/snakeyaml-2.3.jar:/Users/matiassarrailh/.m2/repository/org/springframework/boot/spring-boot-starter-test/3.4.3/spring-boot-starter-test-3.4.3.jar:/Users/matiassarrailh/.m2/repository/org/springframework/boot/spring-boot-test/3.4.3/spring-boot-test-3.4.3.jar:/Users/matiassarrailh/.m2/repository/org/springframework/boot/spring-boot-test-autoconfigure/3.4.3/spring-boot-test-autoconfigure-3.4.3.jar:/Users/matiassarrailh/.m2/repository/com/jayway/jsonpath/json-path/2.9.0/json-path-2.9.0.jar:/Users/matiassarrailh/.m2/repository/org/slf4j/slf4j-api/2.0.16/slf4j-api-2.0.16.jar:/Users/matiassarrailh/.m2/repository/jakarta/xml/bind/jakarta.xml.bind-api/4.0.2/jakarta.xml.bind-api-4.0.2.jar:/Users/matiassarrailh/.m2/repository/jakarta/activation/jakarta.activation-api/2.1.3/jakarta.activation-api-2.1.3.jar:/Users/matiassarrailh/.m2/repository/net/minidev/json-smart/2.5.2/json-smart-2.5.2.jar:/Users/matiassarrailh/.m2/repository/net/minidev/accessors-smart/2.5.2/accessors-smart-2.5.2.jar:/Users/matiassarrailh/.m2/repository/org/ow2/asm/asm/9.7.1/asm-9.7.1.jar:/Users/matiassarrailh/.m2/repository/org/assertj/assertj-core/3.26.3/assertj-core-3.26.3.jar:/Users/matiassarrailh/.m2/repository/org/awaitility/awaitility/4.2.2/awaitility-4.2.2.jar:/Users/matiassarrailh/.m2/repository/org/hamcrest/hamcrest/2.2/hamcrest-2.2.jar:/Users/matiassarrailh/.m2/repository/org/junit/jupiter/junit-jupiter/5.11.4/junit-jupiter-5.11.4.jar:/Users/matiassarrailh/.m2/repository/org/junit/jupiter/junit-jupiter-api/5.11.4/junit-jupiter-api-5.11.4.jar:/Users/matiassarrailh/.m2/repository/org/junit/jupiter/junit-jupiter-params/5.11.4/junit-jupiter-params-5.11.4.jar:/Users/matiassarrailh/.m2/repository/org/junit/jupiter/junit-jupiter-engine/5.11.4/junit-jupiter-engine-5.11.4.jar:/Users/matiassarrailh/.m2/repository/org/mockito/mockito-junit-jupiter/5.14.2/mockito-junit-jupiter-5.14.2.jar:/Users/matiassarrailh/.m2/repository/org/skyscreamer/jsonassert/1.5.3/jsonassert-1.5.3.jar:/Users/matiassarrailh/.m2/repository/com/vaadin/external/google/android-json/0.0.20131108.vaadin1/android-json-0.0.20131108.vaadin1.jar:/Users/matiassarrailh/.m2/repository/org/springframework/spring-test/6.2.3/spring-test-6.2.3.jar:/Users/matiassarrailh/.m2/repository/org/xmlunit/xmlunit-core/2.10.0/xmlunit-core-2.10.0.jar:/Users/matiassarrailh/.m2/repository/org/mockito/mockito-core/5.14.2/mockito-core-5.14.2.jar:/Users/matiassarrailh/.m2/repository/net/bytebuddy/byte-buddy/1.15.11/byte-buddy-1.15.11.jar:/Users/matiassarrailh/.m2/repository/net/bytebuddy/byte-buddy-agent/1.15.11/byte-buddy-agent-1.15.11.jar:/Users/matiassarrailh/.m2/repository/org/objenesis/objenesis/3.3/objenesis-3.3.jar:/Users/matiassarrailh/.m2/repository/io/cucumber/cucumber-spring/7.14.0/cucumber-spring-7.14.0.jar:/Users/matiassarrailh/.m2/repository/io/cucumber/cucumber-core/7.14.0/cucumber-core-7.14.0.jar:/Users/matiassarrailh/.m2/repository/io/cucumber/cucumber-gherkin/7.14.0/cucumber-gherkin-7.14.0.jar:/Users/matiassarrailh/.m2/repository/io/cucumber/cucumber-gherkin-messages/7.14.0/cucumber-gherkin-messages-7.14.0.jar:/Users/matiassarrailh/.m2/repository/io/cucumber/gherkin/26.2.0/gherkin-26.2.0.jar:/Users/matiassarrailh/.m2/repository/io/cucumber/messages/22.0.0/messages-22.0.0.jar:/Users/matiassarrailh/.m2/repository/io/cucumber/tag-expressions/5.0.6/tag-expressions-5.0.6.jar:/Users/matiassarrailh/.m2/repository/io/cucumber/cucumber-expressions/16.1.2/cucumber-expressions-16.1.2.jar:/Users/matiassarrailh/.m2/repository/io/cucumber/datatable/7.14.0/datatable-7.14.0.jar:/Users/matiassarrailh/.m2/repository/io/cucumber/cucumber-plugin/7.14.0/cucumber-plugin-7.14.0.jar:/Users/matiassarrailh/.m2/repository/io/cucumber/docstring/7.14.0/docstring-7.14.0.jar:/Users/matiassarrailh/.m2/repository/io/cucumber/html-formatter/20.4.0/html-formatter-20.4.0.jar:/Users/matiassarrailh/.m2/repository/io/cucumber/junit-xml-formatter/0.2.0/junit-xml-formatter-0.2.0.jar:/Users/matiassarrailh/.m2/repository/io/cucumber/ci-environment/9.2.0/ci-environment-9.2.0.jar:/Users/matiassarrailh/.m2/repository/org/apiguardian/apiguardian-api/1.1.2/apiguardian-api-1.1.2.jar:/Users/matiassarrailh/.m2/repository/io/cucumber/cucumber-junit-platform-engine/7.14.0/cucumber-junit-platform-engine-7.14.0.jar:/Users/matiassarrailh/.m2/repository/org/junit/platform/junit-platform-engine/1.11.4/junit-platform-engine-1.11.4.jar:/Users/matiassarrailh/.m2/repository/org/opentest4j/opentest4j/1.3.0/opentest4j-1.3.0.jar:/Users/matiassarrailh/.m2/repository/org/junit/platform/junit-platform-commons/1.11.4/junit-platform-commons-1.11.4.jar:/Users/matiassarrailh/.m2/repository/io/cucumber/cucumber-java/7.14.0/cucumber-java-7.14.0.jar:/Users/matiassarrailh/.m2/repository/jakarta/persistence/jakarta.persistence-api/3.1.0/jakarta.persistence-api-3.1.0.jar:/Users/matiassarrailh/.m2/repository/org/springframework/boot/spring-boot-starter-data-jpa/3.4.3/spring-boot-starter-data-jpa-3.4.3.jar:/Users/matiassarrailh/.m2/repository/org/hibernate/orm/hibernate-core/6.6.8.Final/hibernate-core-6.6.8.Final.jar:/Users/matiassarrailh/.m2/repository/jakarta/transaction/jakarta.transaction-api/2.0.1/jakarta.transaction-api-2.0.1.jar:/Users/matiassarrailh/.m2/repository/org/hibernate/common/hibernate-commons-annotations/7.0.3.Final/hibernate-commons-annotations-7.0.3.Final.jar:/Users/matiassarrailh/.m2/repository/io/smallrye/jandex/3.2.0/jandex-3.2.0.jar:/Users/matiassarrailh/.m2/repository/org/glassfish/jaxb/jaxb-runtime/4.0.5/jaxb-runtime-4.0.5.jar:/Users/matiassarrailh/.m2/repository/org/glassfish/jaxb/jaxb-core/4.0.5/jaxb-core-4.0.5.jar:/Users/matiassarrailh/.m2/repository/org/eclipse/angus/angus-activation/2.0.2/angus-activation-2.0.2.jar:/Users/matiassarrailh/.m2/repository/org/glassfish/jaxb/txw2/4.0.5/txw2-4.0.5.jar:/Users/matiassarrailh/.m2/repository/com/sun/istack/istack-commons-runtime/4.1.2/istack-commons-runtime-4.1.2.jar:/Users/matiassarrailh/.m2/repository/jakarta/inject/jakarta.inject-api/2.0.1/jakarta.inject-api-2.0.1.jar:/Users/matiassarrailh/.m2/repository/org/antlr/antlr4-runtime/4.13.0/antlr4-runtime-4.13.0.jar:/Users/matiassarrailh/.m2/repository/org/springframework/data/spring-data-jpa/3.4.3/spring-data-jpa-3.4.3.jar:/Users/matiassarrailh/.m2/repository/org/springframework/data/spring-data-commons/3.4.3/spring-data-commons-3.4.3.jar:/Users/matiassarrailh/.m2/repository/org/springframework/spring-orm/6.2.3/spring-orm-6.2.3.jar:/Users/matiassarrailh/.m2/repository/org/springframework/spring-tx/6.2.3/spring-tx-6.2.3.jar:/Users/matiassarrailh/.m2/repository/org/springframework/spring-aspects/6.2.3/spring-aspects-6.2.3.jar:/Users/matiassarrailh/.m2/repository/org/aspectj/aspectjweaver/1.9.22.1/aspectjweaver-1.9.22.1.jar:/Users/matiassarrailh/.m2/repository/org/springframework/boot/spring-boot-starter-jdbc/3.4.3/spring-boot-starter-jdbc-3.4.3.jar:/Users/matiassarrailh/.m2/repository/com/zaxxer/HikariCP/5.1.0/HikariCP-5.1.0.jar:/Users/matiassarrailh/.m2/repository/org/springframework/spring-jdbc/6.2.3/spring-jdbc-6.2.3.jar:/Users/matiassarrailh/.m2/repository/org/springframework/boot/spring-boot-starter-logging/3.4.3/spring-boot-starter-logging-3.4.3.jar:/Users/matiassarrailh/.m2/repository/ch/qos/logback/logback-classic/1.5.16/logback-classic-1.5.16.jar:/Users/matiassarrailh/.m2/repository/ch/qos/logback/logback-core/1.5.16/logback-core-1.5.16.jar:/Users/matiassarrailh/.m2/repository/org/apache/logging/log4j/log4j-to-slf4j/2.24.3/log4j-to-slf4j-2.24.3.jar:/Users/matiassarrailh/.m2/repository/org/apache/logging/log4j/log4j-api/2.24.3/log4j-api-2.24.3.jar:/Users/matiassarrailh/.m2/repository/org/slf4j/jul-to-slf4j/2.0.16/jul-to-slf4j-2.0.16.jar:/Users/matiassarrailh/.m2/repository/com/fasterxml/jackson/core/jackson-databind/2.18.2/jackson-databind-2.18.2.jar:/Users/matiassarrailh/.m2/repository/com/fasterxml/jackson/core/jackson-annotations/2.18.2/jackson-annotations-2.18.2.jar:/Users/matiassarrailh/.m2/repository/com/fasterxml/jackson/core/jackson-core/2.18.2/jackson-core-2.18.2.jar:/Users/matiassarrailh/.m2/repository/com/h2database/h2/2.2.220/h2-2.2.220.jar:/Users/matiassarrailh/.m2/repository/org/projectlombok/lombok/1.18.36/lombok-1.18.36.jar:/Users/matiassarrailh/.m2/repository/org/jetbrains/annotations/26.0.1/annotations-26.0.1.jar:"/>
    <property name="java.vm.vendor" value="Homebrew"/>
    <property name="sun.arch.data.model" value="64"/>
    <property name="java.vendor.url" value="https://github.com/Homebrew/homebrew-core/issues"/>
    <property name="user.timezone" value="Europe/Madrid"/>
    <property name="os.name" value="Mac OS X"/>
    <property name="java.vm.specification.version" value="22"/>
    <property name="sun.java.launcher" value="SUN_STANDARD"/>
    <property name="user.country" value="ES"/>
    <property name="sun.boot.library.path" value="/opt/homebrew/Cellar/openjdk/22.0.1/libexec/openjdk.jdk/Contents/Home/lib"/>
    <property name="sun.java.command" value="/Users/matiassarrailh/Desktop/INDITEX/inditex/target/surefire/surefirebooter-20250316143952990_3.jar /Users/matiassarrailh/Desktop/INDITEX/inditex/target/surefire 2025-03-16T14-39-52_937-jvmRun1 surefire-20250316143952990_1tmp surefire_0-20250316143952990_2tmp"/>
    <property name="http.nonProxyHosts" value="local|*.local|169.254/16|*.169.254/16"/>
    <property name="jdk.debug" value="release"/>
    <property name="surefire.test.class.path" value="/Users/matiassarrailh/Desktop/INDITEX/inditex/target/test-classes:/Users/matiassarrailh/Desktop/INDITEX/inditex/target/classes:/Users/matiassarrailh/.m2/repository/org/springframework/boot/spring-boot-starter-web/3.4.3/spring-boot-starter-web-3.4.3.jar:/Users/matiassarrailh/.m2/repository/org/springframework/boot/spring-boot-starter-json/3.4.3/spring-boot-starter-json-3.4.3.jar:/Users/matiassarrailh/.m2/repository/com/fasterxml/jackson/datatype/jackson-datatype-jdk8/2.18.2/jackson-datatype-jdk8-2.18.2.jar:/Users/matiassarrailh/.m2/repository/com/fasterxml/jackson/datatype/jackson-datatype-jsr310/2.18.2/jackson-datatype-jsr310-2.18.2.jar:/Users/matiassarrailh/.m2/repository/com/fasterxml/jackson/module/jackson-module-parameter-names/2.18.2/jackson-module-parameter-names-2.18.2.jar:/Users/matiassarrailh/.m2/repository/org/springframework/boot/spring-boot-starter-tomcat/3.4.3/spring-boot-starter-tomcat-3.4.3.jar:/Users/matiassarrailh/.m2/repository/org/apache/tomcat/embed/tomcat-embed-core/10.1.36/tomcat-embed-core-10.1.36.jar:/Users/matiassarrailh/.m2/repository/org/apache/tomcat/embed/tomcat-embed-websocket/10.1.36/tomcat-embed-websocket-10.1.36.jar:/Users/matiassarrailh/.m2/repository/org/springframework/spring-web/6.2.3/spring-web-6.2.3.jar:/Users/matiassarrailh/.m2/repository/org/springframework/spring-beans/6.2.3/spring-beans-6.2.3.jar:/Users/matiassarrailh/.m2/repository/io/micrometer/micrometer-observation/1.14.4/micrometer-observation-1.14.4.jar:/Users/matiassarrailh/.m2/repository/io/micrometer/micrometer-commons/1.14.4/micrometer-commons-1.14.4.jar:/Users/matiassarrailh/.m2/repository/org/springframework/spring-webmvc/6.2.3/spring-webmvc-6.2.3.jar:/Users/matiassarrailh/.m2/repository/org/springframework/spring-aop/6.2.3/spring-aop-6.2.3.jar:/Users/matiassarrailh/.m2/repository/org/springframework/spring-context/6.2.3/spring-context-6.2.3.jar:/Users/matiassarrailh/.m2/repository/org/springframework/spring-expression/6.2.3/spring-expression-6.2.3.jar:/Users/matiassarrailh/.m2/repository/org/hibernate/validator/hibernate-validator/6.2.0.Final/hibernate-validator-6.2.0.Final.jar:/Users/matiassarrailh/.m2/repository/org/jboss/logging/jboss-logging/3.6.1.Final/jboss-logging-3.6.1.Final.jar:/Users/matiassarrailh/.m2/repository/com/fasterxml/classmate/1.7.0/classmate-1.7.0.jar:/Users/matiassarrailh/.m2/repository/jakarta/validation/jakarta.validation-api/3.0.0/jakarta.validation-api-3.0.0.jar:/Users/matiassarrailh/.m2/repository/org/springframework/boot/spring-boot-starter-validation/3.4.3/spring-boot-starter-validation-3.4.3.jar:/Users/matiassarrailh/.m2/repository/org/apache/tomcat/embed/tomcat-embed-el/10.1.36/tomcat-embed-el-10.1.36.jar:/Users/matiassarrailh/.m2/repository/org/springframework/boot/spring-boot-starter/3.4.3/spring-boot-starter-3.4.3.jar:/Users/matiassarrailh/.m2/repository/org/springframework/boot/spring-boot/3.4.3/spring-boot-3.4.3.jar:/Users/matiassarrailh/.m2/repository/org/springframework/boot/spring-boot-autoconfigure/3.4.3/spring-boot-autoconfigure-3.4.3.jar:/Users/matiassarrailh/.m2/repository/jakarta/annotation/jakarta.annotation-api/2.1.1/jakarta.annotation-api-2.1.1.jar:/Users/matiassarrailh/.m2/repository/org/springframework/spring-core/6.2.3/spring-core-6.2.3.jar:/Users/matiassarrailh/.m2/repository/org/springframework/spring-jcl/6.2.3/spring-jcl-6.2.3.jar:/Users/matiassarrailh/.m2/repository/org/yaml/snakeyaml/2.3/snakeyaml-2.3.jar:/Users/matiassarrailh/.m2/repository/org/springframework/boot/spring-boot-starter-test/3.4.3/spring-boot-starter-test-3.4.3.jar:/Users/matiassarrailh/.m2/repository/org/springframework/boot/spring-boot-test/3.4.3/spring-boot-test-3.4.3.jar:/Users/matiassarrailh/.m2/repository/org/springframework/boot/spring-boot-test-autoconfigure/3.4.3/spring-boot-test-autoconfigure-3.4.3.jar:/Users/matiassarrailh/.m2/repository/com/jayway/jsonpath/json-path/2.9.0/json-path-2.9.0.jar:/Users/matiassarrailh/.m2/repository/org/slf4j/slf4j-api/2.0.16/slf4j-api-2.0.16.jar:/Users/matiassarrailh/.m2/repository/jakarta/xml/bind/jakarta.xml.bind-api/4.0.2/jakarta.xml.bind-api-4.0.2.jar:/Users/matiassarrailh/.m2/repository/jakarta/activation/jakarta.activation-api/2.1.3/jakarta.activation-api-2.1.3.jar:/Users/matiassarrailh/.m2/repository/net/minidev/json-smart/2.5.2/json-smart-2.5.2.jar:/Users/matiassarrailh/.m2/repository/net/minidev/accessors-smart/2.5.2/accessors-smart-2.5.2.jar:/Users/matiassarrailh/.m2/repository/org/ow2/asm/asm/9.7.1/asm-9.7.1.jar:/Users/matiassarrailh/.m2/repository/org/assertj/assertj-core/3.26.3/assertj-core-3.26.3.jar:/Users/matiassarrailh/.m2/repository/org/awaitility/awaitility/4.2.2/awaitility-4.2.2.jar:/Users/matiassarrailh/.m2/repository/org/hamcrest/hamcrest/2.2/hamcrest-2.2.jar:/Users/matiassarrailh/.m2/repository/org/junit/jupiter/junit-jupiter/5.11.4/junit-jupiter-5.11.4.jar:/Users/matiassarrailh/.m2/repository/org/junit/jupiter/junit-jupiter-api/5.11.4/junit-jupiter-api-5.11.4.jar:/Users/matiassarrailh/.m2/repository/org/junit/jupiter/junit-jupiter-params/5.11.4/junit-jupiter-params-5.11.4.jar:/Users/matiassarrailh/.m2/repository/org/junit/jupiter/junit-jupiter-engine/5.11.4/junit-jupiter-engine-5.11.4.jar:/Users/matiassarrailh/.m2/repository/org/mockito/mockito-junit-jupiter/5.14.2/mockito-junit-jupiter-5.14.2.jar:/Users/matiassarrailh/.m2/repository/org/skyscreamer/jsonassert/1.5.3/jsonassert-1.5.3.jar:/Users/matiassarrailh/.m2/repository/com/vaadin/external/google/android-json/0.0.20131108.vaadin1/android-json-0.0.20131108.vaadin1.jar:/Users/matiassarrailh/.m2/repository/org/springframework/spring-test/6.2.3/spring-test-6.2.3.jar:/Users/matiassarrailh/.m2/repository/org/xmlunit/xmlunit-core/2.10.0/xmlunit-core-2.10.0.jar:/Users/matiassarrailh/.m2/repository/org/mockito/mockito-core/5.14.2/mockito-core-5.14.2.jar:/Users/matiassarrailh/.m2/repository/net/bytebuddy/byte-buddy/1.15.11/byte-buddy-1.15.11.jar:/Users/matiassarrailh/.m2/repository/net/bytebuddy/byte-buddy-agent/1.15.11/byte-buddy-agent-1.15.11.jar:/Users/matiassarrailh/.m2/repository/org/objenesis/objenesis/3.3/objenesis-3.3.jar:/Users/matiassarrailh/.m2/repository/io/cucumber/cucumber-spring/7.14.0/cucumber-spring-7.14.0.jar:/Users/matiassarrailh/.m2/repository/io/cucumber/cucumber-core/7.14.0/cucumber-core-7.14.0.jar:/Users/matiassarrailh/.m2/repository/io/cucumber/cucumber-gherkin/7.14.0/cucumber-gherkin-7.14.0.jar:/Users/matiassarrailh/.m2/repository/io/cucumber/cucumber-gherkin-messages/7.14.0/cucumber-gherkin-messages-7.14.0.jar:/Users/matiassarrailh/.m2/repository/io/cucumber/gherkin/26.2.0/gherkin-26.2.0.jar:/Users/matiassarrailh/.m2/repository/io/cucumber/messages/22.0.0/messages-22.0.0.jar:/Users/matiassarrailh/.m2/repository/io/cucumber/tag-expressions/5.0.6/tag-expressions-5.0.6.jar:/Users/matiassarrailh/.m2/repository/io/cucumber/cucumber-expressions/16.1.2/cucumber-expressions-16.1.2.jar:/Users/matiassarrailh/.m2/repository/io/cucumber/datatable/7.14.0/datatable-7.14.0.jar:/Users/matiassarrailh/.m2/repository/io/cucumber/cucumber-plugin/7.14.0/cucumber-plugin-7.14.0.jar:/Users/matiassarrailh/.m2/repository/io/cucumber/docstring/7.14.0/docstring-7.14.0.jar:/Users/matiassarrailh/.m2/repository/io/cucumber/html-formatter/20.4.0/html-formatter-20.4.0.jar:/Users/matiassarrailh/.m2/repository/io/cucumber/junit-xml-formatter/0.2.0/junit-xml-formatter-0.2.0.jar:/Users/matiassarrailh/.m2/repository/io/cucumber/ci-environment/9.2.0/ci-environment-9.2.0.jar:/Users/matiassarrailh/.m2/repository/org/apiguardian/apiguardian-api/1.1.2/apiguardian-api-1.1.2.jar:/Users/matiassarrailh/.m2/repository/io/cucumber/cucumber-junit-platform-engine/7.14.0/cucumber-junit-platform-engine-7.14.0.jar:/Users/matiassarrailh/.m2/repository/org/junit/platform/junit-platform-engine/1.11.4/junit-platform-engine-1.11.4.jar:/Users/matiassarrailh/.m2/repository/org/opentest4j/opentest4j/1.3.0/opentest4j-1.3.0.jar:/Users/matiassarrailh/.m2/repository/org/junit/platform/junit-platform-commons/1.11.4/junit-platform-commons-1.11.4.jar:/Users/matiassarrailh/.m2/repository/io/cucumber/cucumber-java/7.14.0/cucumber-java-7.14.0.jar:/Users/matiassarrailh/.m2/repository/jakarta/persistence/jakarta.persistence-api/3.1.0/jakarta.persistence-api-3.1.0.jar:/Users/matiassarrailh/.m2/repository/org/springframework/boot/spring-boot-starter-data-jpa/3.4.3/spring-boot-starter-data-jpa-3.4.3.jar:/Users/matiassarrailh/.m2/repository/org/hibernate/orm/hibernate-core/6.6.8.Final/hibernate-core-6.6.8.Final.jar:/Users/matiassarrailh/.m2/repository/jakarta/transaction/jakarta.transaction-api/2.0.1/jakarta.transaction-api-2.0.1.jar:/Users/matiassarrailh/.m2/repository/org/hibernate/common/hibernate-commons-annotations/7.0.3.Final/hibernate-commons-annotations-7.0.3.Final.jar:/Users/matiassarrailh/.m2/repository/io/smallrye/jandex/3.2.0/jandex-3.2.0.jar:/Users/matiassarrailh/.m2/repository/org/glassfish/jaxb/jaxb-runtime/4.0.5/jaxb-runtime-4.0.5.jar:/Users/matiassarrailh/.m2/repository/org/glassfish/jaxb/jaxb-core/4.0.5/jaxb-core-4.0.5.jar:/Users/matiassarrailh/.m2/repository/org/eclipse/angus/angus-activation/2.0.2/angus-activation-2.0.2.jar:/Users/matiassarrailh/.m2/repository/org/glassfish/jaxb/txw2/4.0.5/txw2-4.0.5.jar:/Users/matiassarrailh/.m2/repository/com/sun/istack/istack-commons-runtime/4.1.2/istack-commons-runtime-4.1.2.jar:/Users/matiassarrailh/.m2/repository/jakarta/inject/jakarta.inject-api/2.0.1/jakarta.inject-api-2.0.1.jar:/Users/matiassarrailh/.m2/repository/org/antlr/antlr4-runtime/4.13.0/antlr4-runtime-4.13.0.jar:/Users/matiassarrailh/.m2/repository/org/springframework/data/spring-data-jpa/3.4.3/spring-data-jpa-3.4.3.jar:/Users/matiassarrailh/.m2/repository/org/springframework/data/spring-data-commons/3.4.3/spring-data-commons-3.4.3.jar:/Users/matiassarrailh/.m2/repository/org/springframework/spring-orm/6.2.3/spring-orm-6.2.3.jar:/Users/matiassarrailh/.m2/repository/org/springframework/spring-tx/6.2.3/spring-tx-6.2.3.jar:/Users/matiassarrailh/.m2/repository/org/springframework/spring-aspects/6.2.3/spring-aspects-6.2.3.jar:/Users/matiassarrailh/.m2/repository/org/aspectj/aspectjweaver/1.9.22.1/aspectjweaver-1.9.22.1.jar:/Users/matiassarrailh/.m2/repository/org/springframework/boot/spring-boot-starter-jdbc/3.4.3/spring-boot-starter-jdbc-3.4.3.jar:/Users/matiassarrailh/.m2/repository/com/zaxxer/HikariCP/5.1.0/HikariCP-5.1.0.jar:/Users/matiassarrailh/.m2/repository/org/springframework/spring-jdbc/6.2.3/spring-jdbc-6.2.3.jar:/Users/matiassarrailh/.m2/repository/org/springframework/boot/spring-boot-starter-logging/3.4.3/spring-boot-starter-logging-3.4.3.jar:/Users/matiassarrailh/.m2/repository/ch/qos/logback/logback-classic/1.5.16/logback-classic-1.5.16.jar:/Users/matiassarrailh/.m2/repository/ch/qos/logback/logback-core/1.5.16/logback-core-1.5.16.jar:/Users/matiassarrailh/.m2/repository/org/apache/logging/log4j/log4j-to-slf4j/2.24.3/log4j-to-slf4j-2.24.3.jar:/Users/matiassarrailh/.m2/repository/org/apache/logging/log4j/log4j-api/2.24.3/log4j-api-2.24.3.jar:/Users/matiassarrailh/.m2/repository/org/slf4j/jul-to-slf4j/2.0.16/jul-to-slf4j-2.0.16.jar:/Users/matiassarrailh/.m2/repository/com/fasterxml/jackson/core/jackson-databind/2.18.2/jackson-databind-2.18.2.jar:/Users/matiassarrailh/.m2/repository/com/fasterxml/jackson/core/jackson-annotations/2.18.2/jackson-annotations-2.18.2.jar:/Users/matiassarrailh/.m2/repository/com/fasterxml/jackson/core/jackson-core/2.18.2/jackson-core-2.18.2.jar:/Users/matiassarrailh/.m2/repository/com/h2database/h2/2.2.220/h2-2.2.220.jar:/Users/matiassarrailh/.m2/repository/org/projectlombok/lombok/1.18.36/lombok-1.18.36.jar:/Users/matiassarrailh/.m2/repository/org/jetbrains/annotations/26.0.1/annotations-26.0.1.jar:"/>
    <property name="sun.cpu.endian" value="little"/>
    <property name="user.home" value="/Users/matiassarrailh"/>
    <property name="user.language" value="en"/>
    <property name="java.specification.vendor" value="Oracle Corporation"/>
    <property name="java.version.date" value="2024-04-16"/>
    <property name="java.home" value="/opt/homebrew/Cellar/openjdk/22.0.1/libexec/openjdk.jdk/Contents/Home"/>
    <property name="file.separator" value="/"/>
    <property name="basedir" value="/Users/matiassarrailh/Desktop/INDITEX/inditex"/>
    <property name="java.vm.compressedOopsMode" value="Zero based"/>
    <property name="line.separator" value="&#10;"/>
    <property name="java.vm.specification.vendor" value="Oracle Corporation"/>
    <property name="java.specification.name" value="Java Platform API Specification"/>
    <property name="apple.awt.application.name" value="ForkedBooter"/>
    <property name="surefire.real.class.path" value="/Users/matiassarrailh/Desktop/INDITEX/inditex/target/surefire/surefirebooter-20250316143952990_3.jar"/>
    <property name="sun.management.compiler" value="HotSpot 64-Bit Tiered Compilers"/>
    <property name="ftp.nonProxyHosts" value="local|*.local|169.254/16|*.169.254/16"/>
    <property name="java.runtime.version" value="22.0.1"/>
    <property name="user.name" value="matiassarrailh"/>
    <property name="stdout.encoding" value="UTF-8"/>
    <property name="path.separator" value=":"/>
    <property name="os.version" value="13.4"/>
    <property name="java.runtime.name" value="OpenJDK Runtime Environment"/>
    <property name="file.encoding" value="UTF-8"/>
    <property name="java.vm.name" value="OpenJDK 64-Bit Server VM"/>
    <property name="java.vendor.version" value="Homebrew"/>
    <property name="localRepository" value="/Users/matiassarrailh/.m2/repository"/>
    <property name="java.vendor.url.bug" value="https://github.com/Homebrew/homebrew-core/issues"/>
    <property name="java.io.tmpdir" value="/var/folders/17/41mwjqk96j9cn7t8f9sb3s900000gn/T/"/>
    <property name="java.version" value="22.0.1"/>
    <property name="user.dir" value="/Users/matiassarrailh/Desktop/INDITEX/inditex"/>
    <property name="os.arch" value="aarch64"/>
    <property name="java.vm.specification.name" value="Java Virtual Machine Specification"/>
    <property name="native.encoding" value="UTF-8"/>
    <property name="java.library.path" value="/Users/matiassarrailh/Library/Java/Extensions:/Library/Java/Extensions:/Network/Library/Java/Extensions:/System/Library/Java/Extensions:/usr/lib/java:."/>
    <property name="java.vm.info" value="mixed mode, sharing"/>
    <property name="stderr.encoding" value="UTF-8"/>
    <property name="java.vendor" value="Homebrew"/>
    <property name="java.vm.version" value="22.0.1"/>
    <property name="sun.io.unicode.encoding" value="UnicodeBig"/>
    <property name="socksNonProxyHosts" value="local|*.local|169.254/16|*.169.254/16"/>
    <property name="java.class.version" value="66.0"/>
  </properties>
  <testcase name="testCreateProduct" classname="com.inditex.core.platform.ecommerce.app.domain.controller.ProductControllerTest" time="1.937">
    <system-out><![CDATA[14:39:54.957 [main] INFO org.springframework.validation.beanvalidation.OptionalValidatorFactoryBean -- Failed to set up a Bean Validation provider: jakarta.validation.NoProviderFoundException: Unable to create a Configuration, because no Jakarta Bean Validation provider could be found. Add a provider like Hibernate Validator (RI) to your classpath.
14:39:55.615 [main] INFO org.springframework.mock.web.MockServletContext -- Initializing Spring TestDispatcherServlet ''
14:39:55.615 [main] INFO org.springframework.test.web.servlet.TestDispatcherServlet -- Initializing Servlet ''
14:39:55.617 [main] INFO org.springframework.test.web.servlet.TestDispatcherServlet -- Completed initialization in 2 ms
14:39:55.784 [main] INFO com.inditex.core.platform.ecommerce.app.domain.controller.ProductController -- Product Controller - Received request : Product{id=null, brandId=1, startDate=2020-06-14T00:00, endDate=2020-12-31T23:59:59, priceList=1, productId=35455, priority=0, price=35.50, currency='EUR'}
14:39:55.794 [main] INFO com.inditex.core.platform.ecommerce.app.domain.controller.ProductController -- Product Controller - Product saved in database.
]]></system-out>
    <system-err><![CDATA[Mar 16, 2025 2:39:53 PM io.cucumber.junit.platform.engine.FeatureResolver resolvePackageResourceWarnIfNone
WARNING: No features found in package 'com.inditex.core.platform.ecommerce.app.cucumber'
Mar 16, 2025 2:39:53 PM io.cucumber.junit.platform.engine.FeatureResolver resolvePackageResourceWarnIfNone
WARNING: No features found in package 'com.inditex.core.platform.ecommerce.app.acceptance'
Mockito is currently self-attaching to enable the inline-mock-maker. This will no longer work in future releases of the JDK. Please add Mockito as an agent to your build what is described in Mockito's documentation: https://javadoc.io/doc/org.mockito/mockito-core/latest/org/mockito/Mockito.html#0.3
WARNING: A Java agent has been loaded dynamically (/Users/matiassarrailh/.m2/repository/net/bytebuddy/byte-buddy-agent/1.15.11/byte-buddy-agent-1.15.11.jar)
WARNING: If a serviceability tool is in use, please run with -XX:+EnableDynamicAgentLoading to hide this warning
WARNING: If a serviceability tool is not in use, please run with -Djdk.instrument.traceUsage for more information
WARNING: Dynamic loading of agents will be disallowed by default in a future release
]]></system-err>
  </testcase>
  <testcase name="testGetPrice_notFound" classname="com.inditex.core.platform.ecommerce.app.domain.controller.ProductControllerTest" time="0.017">
    <system-out><![CDATA[14:39:55.860 [main] INFO org.springframework.validation.beanvalidation.OptionalValidatorFactoryBean -- Failed to set up a Bean Validation provider: jakarta.validation.NoProviderFoundException: Unable to create a Configuration, because no Jakarta Bean Validation provider could be found. Add a provider like Hibernate Validator (RI) to your classpath.
14:39:55.865 [main] INFO org.springframework.mock.web.MockServletContext -- Initializing Spring TestDispatcherServlet ''
14:39:55.865 [main] INFO org.springframework.test.web.servlet.TestDispatcherServlet -- Initializing Servlet ''
14:39:55.865 [main] INFO org.springframework.test.web.servlet.TestDispatcherServlet -- Completed initialization in 0 ms
14:39:55.870 [main] INFO com.inditex.core.platform.ecommerce.app.domain.controller.ProductController -- Product Controller - Received request with productId=35455, brandId=1, applicationDate=2020-06-14T16:00
14:39:55.870 [main] INFO com.inditex.core.platform.ecommerce.app.domain.controller.ProductController -- Product Controller - No price found for the given parameters.
]]></system-out>
  </testcase>
  <testcase name="testGetPrice_found" classname="com.inditex.core.platform.ecommerce.app.domain.controller.ProductControllerTest" time="0.014">
    <system-out><![CDATA[14:39:55.878 [main] INFO org.springframework.validation.beanvalidation.OptionalValidatorFactoryBean -- Failed to set up a Bean Validation provider: jakarta.validation.NoProviderFoundException: Unable to create a Configuration, because no Jakarta Bean Validation provider could be found. Add a provider like Hibernate Validator (RI) to your classpath.
14:39:55.882 [main] INFO org.springframework.mock.web.MockServletContext -- Initializing Spring TestDispatcherServlet ''
14:39:55.883 [main] INFO org.springframework.test.web.servlet.TestDispatcherServlet -- Initializing Servlet ''
14:39:55.883 [main] INFO org.springframework.test.web.servlet.TestDispatcherServlet -- Completed initialization in 0 ms
14:39:55.884 [main] INFO com.inditex.core.platform.ecommerce.app.domain.controller.ProductController -- Product Controller - Received request with productId=35455, brandId=1, applicationDate=2020-06-14T10:00
14:39:55.885 [main] INFO com.inditex.core.platform.ecommerce.app.domain.controller.ProductController -- Product Controller - Found price: 35.5
]]></system-out>
  </testcase>
  <testcase name="testDeleteProduct_notFound" classname="com.inditex.core.platform.ecommerce.app.domain.controller.ProductControllerTest" time="0.011">
    <system-out><![CDATA[14:39:55.892 [main] INFO org.springframework.validation.beanvalidation.OptionalValidatorFactoryBean -- Failed to set up a Bean Validation provider: jakarta.validation.NoProviderFoundException: Unable to create a Configuration, because no Jakarta Bean Validation provider could be found. Add a provider like Hibernate Validator (RI) to your classpath.
14:39:55.897 [main] INFO org.springframework.mock.web.MockServletContext -- Initializing Spring TestDispatcherServlet ''
14:39:55.897 [main] INFO org.springframework.test.web.servlet.TestDispatcherServlet -- Initializing Servlet ''
14:39:55.897 [main] INFO org.springframework.test.web.servlet.TestDispatcherServlet -- Completed initialization in 0 ms
14:39:55.900 [main] INFO com.inditex.core.platform.ecommerce.app.domain.controller.ProductController -- Product Controller - Deleting product with ID : 1
14:39:55.900 [main] ERROR com.inditex.core.platform.ecommerce.app.domain.controller.ProductController -- Product Controller - Error: Product not found with ID 1
]]></system-out>
  </testcase>
  <testcase name="testCreateProduct_invalidInput" classname="com.inditex.core.platform.ecommerce.app.domain.controller.ProductControllerTest" time="0.011">
    <system-out><![CDATA[14:39:55.905 [main] INFO org.springframework.validation.beanvalidation.OptionalValidatorFactoryBean -- Failed to set up a Bean Validation provider: jakarta.validation.NoProviderFoundException: Unable to create a Configuration, because no Jakarta Bean Validation provider could be found. Add a provider like Hibernate Validator (RI) to your classpath.
14:39:55.909 [main] INFO org.springframework.mock.web.MockServletContext -- Initializing Spring TestDispatcherServlet ''
14:39:55.909 [main] INFO org.springframework.test.web.servlet.TestDispatcherServlet -- Initializing Servlet ''
14:39:55.909 [main] INFO org.springframework.test.web.servlet.TestDispatcherServlet -- Completed initialization in 0 ms
14:39:55.912 [main] INFO com.inditex.core.platform.ecommerce.app.domain.controller.ProductController -- Product Controller - Received request : Product{id=null, brandId=1, startDate=2020-06-14T00:00, endDate=2020-12-31T23:59:59, priceList=1, productId=null, priority=0, price=null, currency='EUR'}
14:39:55.912 [main] ERROR com.inditex.core.platform.ecommerce.app.domain.controller.ProductController -- Product Controller - Error creating product.
]]></system-out>
  </testcase>
  <testcase name="testDeleteProduct" classname="com.inditex.core.platform.ecommerce.app.domain.controller.ProductControllerTest" time="0.012">
    <system-out><![CDATA[14:39:55.916 [main] INFO org.springframework.validation.beanvalidation.OptionalValidatorFactoryBean -- Failed to set up a Bean Validation provider: jakarta.validation.NoProviderFoundException: Unable to create a Configuration, because no Jakarta Bean Validation provider could be found. Add a provider like Hibernate Validator (RI) to your classpath.
14:39:55.919 [main] INFO org.springframework.mock.web.MockServletContext -- Initializing Spring TestDispatcherServlet ''
14:39:55.920 [main] INFO org.springframework.test.web.servlet.TestDispatcherServlet -- Initializing Servlet ''
14:39:55.920 [main] INFO org.springframework.test.web.servlet.TestDispatcherServlet -- Completed initialization in 0 ms
14:39:55.921 [main] INFO com.inditex.core.platform.ecommerce.app.domain.controller.ProductController -- Product Controller - Deleting product with ID : 1
]]></system-out>
  </testcase>
</testsuite>